Arguments: 
  C:\Program Files\nodejs\node.exe C:\Users\Nicolas\AppData\Roaming\npm\node_modules\yarn\bin\yarn.js add simple-drawing-board.js

PATH: 
  C:\tools\cmder\vendor\conemu-maximus5\ConEmu\Scripts;C:\tools\cmder\vendor\conemu-maximus5;C:\tools\cmder\vendor\conemu-maximus5\ConEmu;C:\Program Files (x86)\NVIDIA Corporation\PhysX\Common;C:\Program Files\AdoptOpenJDK\jdk-11.0.11.9-hotspot\bin;C:\Program Files\AdoptOpenJDK\jdk-16.0.1.9-hotspot\bin;C:\tools\Python39\Scripts\;C:\tools\Python39\;C:\Windows\system32;C:\Windows;C:\Windows\System32\Wbem;C:\Windows\System32\WindowsPowerShell\v1.0\;C:\Windows\System32\OpenSSH\;C:\Program Files\Git\cmd;C:\Program Files (x86)\Gpg4win\..\GnuPG\bin;C:\Program Files\dotnet\;C:\Program Files\NVIDIA Corporation\NVIDIA NvDLISR;C:\ProgramData\chocolatey\bin;C:\Program Files\Microsoft SQL Server\130\Tools\Binn\;C:\Program Files\Microsoft SQL Server\Client SDK\ODBC\170\Tools\Binn\;C:\Program Files\nodejs\;C:\Program Files\Docker\Docker\resources\bin;C:\ProgramData\DockerDesktop\version-bin;%SystemRoot%\system32;%SystemRoot%;%SystemRoot%\System32\Wbem;%SYSTEMROOT%\System32\WindowsPowerShell\v1.0\;%SYSTEMROOT%\System32\OpenSSH\;C:\Users\Nicolas\AppData\Local\Microsoft\WindowsApps;C:\Users\Nicolas\AppData\Local\Programs\Microsoft VS Code\bin;C:\Users\Nicolas\AppData\Local\gitkraken\bin;C:\tools\flutter\bin;C:\tools\dart-sdk\bin;C:\Users\Nicolas\AppData\Roaming\Pub\Cache\bin;C:\tools\cmder;S:\youtube-dl;C:\Users\Nicolas\AppData\Roaming\npm;S:\protoc\bin;T:\Idea Toolbox;C:\tools\ngrok;C:\Users\Nicolas\.dotnet\tools;C:\tools\geckodriver;C:\Users\Nicolas\AppData\Local\Pub\Cache\bin;C:\Program Files\qemu;C:\tools\mingw\mingw64\bin;T:\godsk\go1.16.3\bin;C:\Users\Nicolas\AppData\Local\Microsoft\WindowsApps;C:\Users\Nicolas\AppData\Local\Yarn\bin;C:\Program Files\Git\mingw64\bin;C:\Program Files\Git\usr\bin;C:\tools\cmder\vendor\bin

Yarn version: 
  1.22.10

Node version: 
  16.3.0

Platform: 
  win32 x64

Trace: 
  Error: https://registry.yarnpkg.com/simple-drawing-board.js: Not found
      at Request.params.callback [as _callback] (C:\Users\Nicolas\AppData\Roaming\npm\node_modules\yarn\lib\cli.js:66988:18)
      at Request.self.callback (C:\Users\Nicolas\AppData\Roaming\npm\node_modules\yarn\lib\cli.js:140662:22)
      at Request.emit (node:events:394:28)
      at Request.<anonymous> (C:\Users\Nicolas\AppData\Roaming\npm\node_modules\yarn\lib\cli.js:141634:10)
      at Request.emit (node:events:394:28)
      at IncomingMessage.<anonymous> (C:\Users\Nicolas\AppData\Roaming\npm\node_modules\yarn\lib\cli.js:141556:12)
      at Object.onceWrapper (node:events:513:28)
      at IncomingMessage.emit (node:events:406:35)
      at endReadableNT (node:internal/streams/readable:1329:12)
      at processTicksAndRejections (node:internal/process/task_queues:83:21)

npm manifest: 
  {
    "name": "danboard",
    "version": "1.0.0",
    "main": "index.js",
    "license": "MIT",
    "devDependencies": {
      "typescript": "^4.3.5"
    },
    "dependencies": {
      "simple-drawing-board": "^3.1.2"
    }
  }

yarn manifest: 
  No manifest

Lockfile: 
  # THIS IS AN AUTOGENERATED FILE. DO NOT EDIT THIS FILE DIRECTLY.
  # yarn lockfile v1
  
  
  simple-drawing-board@^3.1.2:
    version "3.1.2"
    resolved "https://registry.yarnpkg.com/simple-drawing-board/-/simple-drawing-board-3.1.2.tgz#399732f3cb5518c0ba8b701f3b6c8edf0c30f308"
    integrity sha512-lkMXnuNVIcrCAAs53sDfZGZusO/53JS/aa3sgGk/irslf+F16TwS6Kai6zoksxVyM0wh2G4C8ysUsOyaNo7CTw==
  
  typescript@^4.3.5:
    version "4.3.5"
    resolved "https://registry.yarnpkg.com/typescript/-/typescript-4.3.5.tgz#4d1c37cc16e893973c45a06886b7113234f119f4"
    integrity sha512-DqQgihaQ9cUrskJo9kIyW/+g0Vxsk8cDtZ52a3NGh0YNTfpUSArXSohyUGnvbPazEPLu398C0UxmKSOrPumUzA==
